  palestine.cpp
E:\Tugas Grafika\Tugas bendera\bendera_palestina\palestine.cpp(21,25): warning C4244: 'argument': conversion from 'int' to 'GLfloat', possible loss of data
E:\Tugas Grafika\Tugas bendera\bendera_palestina\palestine.cpp(21,16): warning C4244: 'argument': conversion from 'int' to 'GLfloat', possible loss of data
E:\Tugas Grafika\Tugas bendera\bendera_palestina\palestine.cpp(22,37): warning C4244: 'argument': conversion from 'int' to 'GLfloat', possible loss of data
E:\Tugas Grafika\Tugas bendera\bendera_palestina\palestine.cpp(22,24): warning C4244: 'argument': conversion from 'int' to 'GLfloat', possible loss of data
E:\Tugas Grafika\Tugas bendera\bendera_palestina\palestine.cpp(23,45): warning C4244: 'argument': conversion from 'int' to 'GLfloat', possible loss of data
E:\Tugas Grafika\Tugas bendera\bendera_palestina\palestine.cpp(23,24): warning C4244: 'argument': conversion from 'int' to 'GLfloat', possible loss of data
E:\Tugas Grafika\Tugas bendera\bendera_palestina\palestine.cpp(24,33): warning C4244: 'argument': conversion from 'int' to 'GLfloat', possible loss of data
E:\Tugas Grafika\Tugas bendera\bendera_palestina\palestine.cpp(24,16): warning C4244: 'argument': conversion from 'int' to 'GLfloat', possible loss of data
E:\Tugas Grafika\Tugas bendera\bendera_palestina\palestine.cpp(29,33): warning C4244: 'argument': conversion from 'int' to 'GLfloat', possible loss of data
E:\Tugas Grafika\Tugas bendera\bendera_palestina\palestine.cpp(29,16): warning C4244: 'argument': conversion from 'int' to 'GLfloat', possible loss of data
E:\Tugas Grafika\Tugas bendera\bendera_palestina\palestine.cpp(30,45): warning C4244: 'argument': conversion from 'int' to 'GLfloat', possible loss of data
E:\Tugas Grafika\Tugas bendera\bendera_palestina\palestine.cpp(30,24): warning C4244: 'argument': conversion from 'int' to 'GLfloat', possible loss of data
E:\Tugas Grafika\Tugas bendera\bendera_palestina\palestine.cpp(31,45): warning C4244: 'argument': conversion from 'int' to 'GLfloat', possible loss of data
E:\Tugas Grafika\Tugas bendera\bendera_palestina\palestine.cpp(31,24): warning C4244: 'argument': conversion from 'int' to 'GLfloat', possible loss of data
E:\Tugas Grafika\Tugas bendera\bendera_palestina\palestine.cpp(32,33): warning C4244: 'argument': conversion from 'int' to 'GLfloat', possible loss of data
E:\Tugas Grafika\Tugas bendera\bendera_palestina\palestine.cpp(32,16): warning C4244: 'argument': conversion from 'int' to 'GLfloat', possible loss of data
E:\Tugas Grafika\Tugas bendera\bendera_palestina\palestine.cpp(35,20): warning C4305: 'argument': truncation from 'double' to 'GLfloat'
E:\Tugas Grafika\Tugas bendera\bendera_palestina\palestine.cpp(37,33): warning C4244: 'argument': conversion from 'int' to 'GLfloat', possible loss of data
E:\Tugas Grafika\Tugas bendera\bendera_palestina\palestine.cpp(37,16): warning C4244: 'argument': conversion from 'int' to 'GLfloat', possible loss of data
E:\Tugas Grafika\Tugas bendera\bendera_palestina\palestine.cpp(38,45): warning C4244: 'argument': conversion from 'int' to 'GLfloat', possible loss of data
E:\Tugas Grafika\Tugas bendera\bendera_palestina\palestine.cpp(38,24): warning C4244: 'argument': conversion from 'int' to 'GLfloat', possible loss of data
E:\Tugas Grafika\Tugas bendera\bendera_palestina\palestine.cpp(39,45): warning C4244: 'argument': conversion from 'int' to 'GLfloat', possible loss of data
E:\Tugas Grafika\Tugas bendera\bendera_palestina\palestine.cpp(39,24): warning C4244: 'argument': conversion from 'int' to 'GLfloat', possible loss of data
E:\Tugas Grafika\Tugas bendera\bendera_palestina\palestine.cpp(40,33): warning C4244: 'argument': conversion from 'int' to 'GLfloat', possible loss of data
E:\Tugas Grafika\Tugas bendera\bendera_palestina\palestine.cpp(40,16): warning C4244: 'argument': conversion from 'int' to 'GLfloat', possible loss of data
E:\Tugas Grafika\Tugas bendera\bendera_palestina\palestine.cpp(46,25): warning C4244: 'argument': conversion from 'int' to 'GLfloat', possible loss of data
E:\Tugas Grafika\Tugas bendera\bendera_palestina\palestine.cpp(46,16): warning C4244: 'argument': conversion from 'int' to 'GLfloat', possible loss of data
E:\Tugas Grafika\Tugas bendera\bendera_palestina\palestine.cpp(47,49): warning C4244: 'argument': conversion from 'int' to 'GLfloat', possible loss of data
E:\Tugas Grafika\Tugas bendera\bendera_palestina\palestine.cpp(47,24): warning C4244: 'argument': conversion from 'int' to 'GLfloat', possible loss of data
E:\Tugas Grafika\Tugas bendera\bendera_palestina\palestine.cpp(48,33): warning C4244: 'argument': conversion from 'int' to 'GLfloat', possible loss of data
E:\Tugas Grafika\Tugas bendera\bendera_palestina\palestine.cpp(48,16): warning C4244: 'argument': conversion from 'int' to 'GLfloat', possible loss of data
E:\Tugas Grafika\Tugas bendera\bendera_palestina\palestine.cpp(56,23): warning C4305: 'argument': truncation from 'double' to 'GLclampf'
E:\Tugas Grafika\Tugas bendera\bendera_palestina\palestine.cpp(56,18): warning C4305: 'argument': truncation from 'double' to 'GLclampf'
  Generating code
  Previous IPDB and IOBJ mismatch, fall back to full compilation.
  All 18 functions were compiled because no usable IPDB/IOBJ from previous compilation was found.
  Finished generating code
  bendera_palestina.vcxproj -> E:\Tugas Grafika\Tugas bendera\bendera_palestina\x64\Release\bendera_palestina.exe
